{
  "RSpec": {
    "coverage": {
      "/Users/vitaliynesterenko/projects/photohome/app/models/role.rb": [
        1,
        1,
        1,
        null,
        1,
        null
      ],
      "/Users/vitaliynesterenko/projects/photohome/lib/user_sanitizer.rb": [
        null,
        null,
        null,
        1,
        1,
        1,
        0,
        null,
        null
      ],
      "/Users/vitaliynesterenko/projects/photohome/app/models/user.rb": [
        1,
        1,
        null,
        null,
        null,
        null,
        1,
        null,
        null,
        null,
        1,
        1,
        null,
        1,
        null,
        null,
        1,
        null,
        1,
        1,
        null,
        null,
        null,
        null,
        null,
        1,
        1,
        1,
        1,
        null,
        1,
        null,
        null,
        null,
        null,
        null,
        null,
        null,
        null,
        null,
        1,
        6,
        null,
        null,
        null,
        null,
        1,
        null,
        0,
        null,
        1,
        null,
        1,
        null,
        null,
        null,
        null,
        null,
        null,
        null,
        null,
        null,
        null,
        null,
        1,
        0,
        null,
        null,
        1,
        0,
        null,
        null,
        1,
        0,
        null,
        null,
        null,
        1,
        36,
        null,
        null,
        1,
        18,
        null,
        null,
        1,
        12,
        null,
        null,
        1,
        7,
        null,
        null,
        1,
        0,
        null,
        null,
        1,
        0,
        0,
        null,
        null,
        1,
        12,
        null,
        null,
        1,
        12,
        null,
        null,
        1,
        6,
        null,
        null,
        null,
        null
      ],
      "/Users/vitaliynesterenko/projects/photohome/app/uploaders/avatar_uploader.rb": [
        null,
        null,
        1,
        null,
        null,
        1,
        null,
        null,
        null,
        null,
        null,
        null,
        null,
        null,
        1,
        0,
        null,
        null,
        null,
        null,
        null,
        null,
        null,
        null,
        null,
        null,
        null,
        null,
        null,
        null,
        null,
        null,
        null,
        null,
        1,
        1,
        null,
        null,
        null,
        null,
        null,
        null,
        null,
        null,
        null,
        null,
        null,
        null,
        null,
        null,
        null
      ],
      "/Users/vitaliynesterenko/projects/photohome/app/models/admin.rb": [
        1,
        1,
        4,
        null,
        null
      ],
      "/Users/vitaliynesterenko/projects/photohome/app/models/admin/age_policy.rb": [
        1,
        null,
        1,
        1,
        null,
        1,
        0,
        null,
        null,
        null,
        null,
        null
      ],
      "/Users/vitaliynesterenko/projects/photohome/app/helpers/about_helper.rb": [
        1,
        null
      ],
      "/Users/vitaliynesterenko/projects/photohome/app/helpers/admin/age_policies_controller_helper.rb": [
        1,
        null
      ],
      "/Users/vitaliynesterenko/projects/photohome/app/helpers/admin/album_photos_helper.rb": [
        1,
        null
      ],
      "/Users/vitaliynesterenko/projects/photohome/app/helpers/admin/articles_helper.rb": [
        1,
        null
      ],
      "/Users/vitaliynesterenko/projects/photohome/app/helpers/admin/banner_helper.rb": [
        1,
        null
      ],
      "/Users/vitaliynesterenko/projects/photohome/app/helpers/admin/banner_placements_helper.rb": [
        1,
        null
      ],
      "/Users/vitaliynesterenko/projects/photohome/app/helpers/admin/competition_helper.rb": [
        1,
        null,
        null,
        1,
        null,
        0,
        0,
        0,
        0,
        null,
        0,
        null,
        null,
        null,
        null,
        null,
        null,
        null
      ],
      "/Users/vitaliynesterenko/projects/photohome/app/helpers/admin/competition_request_helper.rb": [
        1,
        null
      ],
      "/Users/vitaliynesterenko/projects/photohome/app/helpers/admin/competition_request_response_helper.rb": [
        1,
        null
      ],
      "/Users/vitaliynesterenko/projects/photohome/app/helpers/admin/fill_album_from_selected_helper.rb": [
        1,
        null
      ],
      "/Users/vitaliynesterenko/projects/photohome/app/helpers/admin/fill_album_from_tags_helper.rb": [
        1,
        null
      ],
      "/Users/vitaliynesterenko/projects/photohome/app/helpers/admin/jury_helper.rb": [
        1,
        null
      ],
      "/Users/vitaliynesterenko/projects/photohome/app/helpers/admin/messages_helper.rb": [
        1,
        null,
        null,
        null,
        null,
        1,
        null,
        0,
        0,
        0,
        0,
        null,
        0,
        null,
        null,
        null,
        null,
        null,
        null,
        null,
        null
      ],
      "/Users/vitaliynesterenko/projects/photohome/app/helpers/admin/nominations_helper.rb": [
        1,
        null
      ],
      "/Users/vitaliynesterenko/projects/photohome/app/helpers/admin/photo_helper.rb": [
        1,
        null
      ],
      "/Users/vitaliynesterenko/projects/photohome/app/helpers/admin/settings_helper.rb": [
        1,
        null
      ],
      "/Users/vitaliynesterenko/projects/photohome/app/helpers/admin/site_rule_helper.rb": [
        1,
        null
      ],
      "/Users/vitaliynesterenko/projects/photohome/app/helpers/age_restriction_helper.rb": [
        1,
        null
      ],
      "/Users/vitaliynesterenko/projects/photohome/app/helpers/ajax_helper.rb": [
        1,
        null
      ],
      "/Users/vitaliynesterenko/projects/photohome/app/helpers/album_helper.rb": [
        1,
        null,
        1,
        0,
        0,
        0,
        null,
        null,
        1,
        0,
        0,
        0,
        0,
        null,
        null,
        null
      ],
      "/Users/vitaliynesterenko/projects/photohome/app/helpers/application_helper.rb": [
        1,
        null,
        1,
        0,
        0,
        0,
        null,
        null,
        null,
        null,
        null,
        0,
        null,
        null,
        null,
        1,
        0,
        null,
        null,
        1,
        0,
        null,
        null,
        1,
        0,
        null,
        null,
        null,
        1,
        0,
        null,
        null,
        1,
        0,
        null,
        null,
        1,
        0,
        null,
        null,
        1,
        0,
        null,
        null,
        1,
        0,
        null,
        null,
        1,
        0,
        null,
        null,
        1,
        0,
        null,
        null,
        null,
        1,
        0,
        null,
        null,
        1,
        0,
        null,
        null,
        1,
        0,
        null,
        null,
        null,
        1,
        0,
        null,
        null,
        1,
        0,
        null,
        null,
        1,
        0,
        null,
        null,
        1,
        0,
        null,
        null,
        1,
        0,
        null,
        null,
        1,
        0,
        null,
        null,
        1,
        0,
        null,
        null,
        1,
        0,
        null,
        null,
        1,
        0,
        null,
        null,
        null,
        null,
        1,
        0,
        null,
        null,
        null,
        1,
        null,
        0,
        null,
        null,
        1,
        null,
        null,
        18,
        null,
        null,
        1,
        0,
        0,
        null,
        null,
        1,
        0,
        null,
        null,
        1,
        0,
        null,
        null,
        1,
        0,
        null,
        null,
        null,
        null,
        1,
        0,
        null,
        null,
        null,
        null,
        null,
        1,
        0,
        null,
        null,
        null,
        null,
        1,
        0,
        null,
        null,
        1,
        null,
        null,
        null,
        1,
        0,
        null,
        null,
        1,
        0,
        null,
        null,
        1,
        null,
        null,
        null,
        null,
        12,
        null,
        null,
        12,
        0,
        null,
        null,
        null,
        12,
        null,
        null,
        null,
        null,
        12,
        0,
        null,
        12,
        null,
        null,
        null,
        null,
        1,
        0,
        null,
        null,
        1,
        0,
        null,
        null,
        1,
        0,
        null,
        null,
        null,
        null
      ],
      "/Users/vitaliynesterenko/projects/photohome/app/helpers/article_helper.rb": [
        1,
        null,
        null,
        null,
        null
      ],
      "/Users/vitaliynesterenko/projects/photohome/app/helpers/author_helper.rb": [
        1,
        null
      ],
      "/Users/vitaliynesterenko/projects/photohome/app/helpers/cache_operations_helper.rb": [
        1,
        null
      ],
      "/Users/vitaliynesterenko/projects/photohome/app/helpers/cloud_helper.rb": [
        1,
        null
      ],
      "/Users/vitaliynesterenko/projects/photohome/app/helpers/comment_helper.rb": [
        1,
        null
      ],
      "/Users/vitaliynesterenko/projects/photohome/app/helpers/competition_photo_helper.rb": [
        1,
        null,
        null,
        null,
        null,
        null,
        null,
        null,
        null,
        null,
        null,
        null,
        null,
        null,
        null,
        null,
        null,
        null,
        null,
        null,
        null,
        null,
        null,
        null,
        null,
        null,
        null,
        null,
        null
      ],
      "/Users/vitaliynesterenko/projects/photohome/app/helpers/competition_request_helper.rb": [
        1,
        null
      ],
      "/Users/vitaliynesterenko/projects/photohome/app/helpers/competitions_helper.rb": [
        1,
        null
      ],
      "/Users/vitaliynesterenko/projects/photohome/app/helpers/gallery_helper.rb": [
        1,
        null
      ],
      "/Users/vitaliynesterenko/projects/photohome/app/helpers/home_helper.rb": [
        1,
        null
      ],
      "/Users/vitaliynesterenko/projects/photohome/app/helpers/incoming_letters_controller_helper.rb": [
        1,
        null
      ],
      "/Users/vitaliynesterenko/projects/photohome/app/helpers/jury_helper.rb": [
        1,
        null
      ],
      "/Users/vitaliynesterenko/projects/photohome/app/helpers/letters_helper.rb": [
        1,
        null
      ],
      "/Users/vitaliynesterenko/projects/photohome/app/helpers/like_helper.rb": [
        1,
        null
      ],
      "/Users/vitaliynesterenko/projects/photohome/app/helpers/messages_helper.rb": [
        1,
        null
      ],
      "/Users/vitaliynesterenko/projects/photohome/app/helpers/novelties_helper.rb": [
        1,
        null
      ],
      "/Users/vitaliynesterenko/projects/photohome/app/helpers/photo_ajax_helper.rb": [
        1,
        null
      ],
      "/Users/vitaliynesterenko/projects/photohome/app/helpers/photos_helper.rb": [
        1,
        null,
        1,
        0,
        0,
        null,
        0,
        null,
        null,
        null,
        null
      ],
      "/Users/vitaliynesterenko/projects/photohome/app/helpers/site_photo_helper.rb": [
        1,
        null
      ],
      "/Users/vitaliynesterenko/projects/photohome/app/helpers/topics_helper.rb": [
        1,
        null
      ],
      "/Users/vitaliynesterenko/projects/photohome/app/helpers/upload_helper.rb": [
        1,
        null
      ],
      "/Users/vitaliynesterenko/projects/photohome/app/helpers/user_helper.rb": [
        1,
        null,
        null,
        1,
        null,
        null,
        6,
        null,
        6,
        0,
        null,
        6,
        null,
        null,
        null,
        null,
        1,
        null,
        null,
        null,
        0,
        0,
        null,
        0,
        0,
        null,
        null,
        0,
        null,
        null,
        null,
        null
      ],
      "/Users/vitaliynesterenko/projects/photohome/app/helpers/user_cloud_helper.rb": [
        1,
        null
      ],
      "/Users/vitaliynesterenko/projects/photohome/app/helpers/user_profile_helper.rb": [
        1,
        null
      ],
      "/Users/vitaliynesterenko/projects/photohome/app/helpers/will_paginate_helper.rb": [
        1,
        1,
        1,
        0,
        0,
        0,
        null,
        null,
        1,
        1,
        0,
        0,
        0,
        null,
        0,
        0,
        null,
        null,
        null,
        1,
        0,
        null,
        null
      ],
      "/Users/vitaliynesterenko/projects/photohome/lib/monkey_patches/monkey_rolify.rb": [
        1,
        1,
        1,
        1,
        6,
        null,
        null,
        null,
        null,
        null
      ],
      "/Users/vitaliynesterenko/projects/photohome/app/controllers/application_controller.rb": [
        1,
        null,
        null,
        null,
        1,
        null,
        null,
        null,
        null,
        null,
        null,
        1,
        null,
        null,
        1,
        1,
        null,
        null,
        null,
        null,
        null,
        null,
        null,
        null,
        null,
        null,
        null,
        null,
        null,
        null,
        1,
        null,
        1,
        null,
        1,
        0,
        null,
        null,
        1,
        42,
        42,
        null,
        null,
        null,
        null,
        null,
        null,
        1,
        null,
        1,
        24,
        24,
        24,
        null,
        null,
        null,
        null,
        1,
        12,
        null,
        12,
        0,
        0,
        null,
        12,
        6,
        0,
        null,
        null,
        null,
        null,
        null,
        null,
        null,
        null
      ],
      "/Users/vitaliynesterenko/projects/photohome/app/models/novelty.rb": [
        1,
        1,
        1,
        null,
        null,
        1,
        null,
        1,
        0,
        null,
        null,
        null,
        1,
        null,
        0,
        0,
        0,
        null,
        null,
        null,
        1,
        0,
        0,
        0,
        null,
        null,
        1,
        0,
        0,
        null,
        null,
        null,
        null
      ],
      "/Users/vitaliynesterenko/projects/photohome/app/models/post.rb": [
        1,
        null,
        1,
        1,
        1,
        null,
        1,
        null,
        1,
        null,
        1,
        0,
        null,
        null,
        null,
        1,
        0,
        null,
        null,
        null
      ],
      "/Users/vitaliynesterenko/projects/photohome/app/models/ability.rb": [
        1,
        1,
        null,
        1,
        null,
        null,
        null,
        null,
        18,
        null,
        12,
        0,
        null,
        null,
        12,
        0,
        0,
        0,
        0,
        null,
        null,
        12,
        null,
        0,
        0,
        null,
        0,
        0,
        null,
        null,
        null,
        null,
        null,
        12,
        0,
        null,
        null,
        null,
        12,
        12,
        12,
        12,
        12,
        null,
        12,
        0,
        null,
        null,
        null,
        12,
        12,
        12,
        12,
        12,
        12,
        null,
        12,
        0,
        null,
        null,
        12,
        null,
        null,
        6,
        null,
        6,
        0,
        null,
        null,
        null,
        null,
        null,
        null,
        null,
        null,
        null,
        null,
        null,
        null,
        null,
        null,
        null,
        null,
        null,
        null,
        null,
        null,
        null,
        null,
        null,
        null,
        null,
        null,
        null,
        null,
        null,
        null,
        null,
        null,
        null
      ],
      "/Users/vitaliynesterenko/projects/photohome/app/models/photo.rb": [
        1,
        null,
        null,
        1,
        1,
        null,
        1,
        null,
        1,
        1,
        null,
        1,
        null,
        null,
        null,
        null,
        null,
        null,
        null,
        1,
        1,
        null,
        1,
        1,
        null,
        1,
        1,
        null,
        null,
        1,
        1,
        1,
        1,
        1,
        1,
        1,
        1,
        1,
        null,
        null,
        null,
        1,
        null,
        1,
        null,
        1,
        null,
        1,
        null,
        1,
        null,
        null,
        1,
        1,
        null,
        1,
        1,
        null,
        1,
        null,
        null,
        null,
        null,
        null,
        null,
        1,
        null,
        1,
        null,
        1,
        null,
        1,
        null,
        null,
        1,
        null,
        null,
        1,
        1,
        1,
        null,
        null,
        1,
        0,
        null,
        null,
        1,
        2,
        2,
        2,
        null,
        null,
        null,
        1,
        2,
        0,
        0,
        0,
        0,
        null,
        null,
        null,
        1,
        2,
        0,
        0,
        0,
        null,
        0,
        null,
        null,
        null,
        1,
        0,
        null,
        null,
        null,
        null,
        1,
        1,
        null,
        null,
        null,
        1,
        null,
        null,
        null,
        null,
        null,
        null,
        null,
        1,
        0,
        0,
        null,
        null,
        1,
        null,
        1,
        0,
        null,
        null,
        1,
        0,
        0,
        0,
        0,
        0,
        null,
        null,
        1,
        0,
        0,
        0,
        0,
        0,
        null,
        null,
        null,
        null,
        null,
        1,
        0,
        0,
        null,
        null,
        null,
        1,
        0,
        null,
        null,
        null,
        null,
        null,
        1,
        0,
        null,
        null,
        null,
        null,
        null,
        1,
        null,
        null,
        null,
        6,
        null,
        null,
        null,
        1,
        0,
        0,
        0,
        null,
        null,
        1,
        null,
        0,
        0,
        null,
        0,
        0,
        null,
        null,
        0,
        null,
        null,
        1,
        0,
        null,
        null,
        1,
        0,
        null,
        null,
        null,
        null,
        null
      ],
      "/Users/vitaliynesterenko/projects/photohome/app/models/photo_age_policy.rb": [
        1,
        null,
        null,
        1,
        null,
        0,
        null,
        0,
        0,
        null,
        0,
        null,
        null,
        null,
        null,
        null,
        1,
        0,
        null,
        0,
        0,
        null,
        0,
        null,
        null,
        null,
        null,
        null
      ],
      "/Users/vitaliynesterenko/projects/photohome/app/uploaders/image_uploader.rb": [
        null,
        null,
        1,
        null,
        null,
        1,
        null,
        null,
        null,
        null,
        null,
        null,
        null,
        null,
        1,
        0,
        null,
        null,
        null,
        null,
        null,
        null,
        null,
        null,
        null,
        null,
        null,
        null,
        null,
        null,
        null,
        null,
        null,
        null,
        null,
        null,
        null,
        null,
        1,
        1,
        null,
        null,
        1,
        1,
        null,
        null,
        null,
        1,
        1,
        null,
        null,
        1,
        1,
        null,
        null,
        null,
        null,
        null,
        null,
        null,
        null,
        null,
        null,
        null,
        null,
        null,
        null,
        null,
        null,
        null
      ],
      "/Users/vitaliynesterenko/projects/photohome/app/models/article.rb": [
        1,
        1,
        null,
        1,
        null,
        1,
        null,
        null,
        1,
        null,
        0,
        0,
        0,
        null,
        null,
        null,
        1,
        0,
        0,
        0,
        null,
        null,
        1,
        0,
        0,
        null,
        null,
        null,
        null,
        null,
        null
      ],
      "/Users/vitaliynesterenko/projects/photohome/app/models/comment.rb": [
        1,
        null,
        1,
        null,
        1,
        null,
        1,
        null,
        null,
        null,
        null,
        null,
        null,
        1,
        null,
        1,
        0,
        0,
        0,
        0,
        null,
        null,
        null
      ],
      "/Users/vitaliynesterenko/projects/photohome/app/lib/banner_generator.rb": [
        1,
        null,
        null,
        null,
        1,
        18,
        18,
        null,
        null,
        1,
        null,
        18,
        18,
        null,
        null,
        null,
        null,
        null,
        null
      ],
      "/Users/vitaliynesterenko/projects/photohome/app/models/admin/banner_placement.rb": [
        1,
        1,
        null,
        1,
        1,
        null,
        19,
        19,
        37,
        37,
        null,
        1,
        null,
        null,
        null,
        null,
        1,
        1,
        null,
        1,
        0,
        null,
        null,
        null,
        1,
        0,
        null,
        null,
        1,
        18,
        null,
        null,
        1,
        18,
        null,
        null,
        null
      ],
      "/Users/vitaliynesterenko/projects/photohome/app/models/admin/setting.rb": [
        1,
        null,
        1,
        1,
        1,
        1,
        1,
        null,
        1,
        null,
        1,
        18,
        18,
        null,
        null,
        1,
        0,
        0,
        0,
        null,
        null,
        null
      ],
      "/Users/vitaliynesterenko/projects/photohome/app/uploaders/admin_adult_image_uploader.rb": [
        null,
        null,
        1,
        null,
        null,
        1,
        null,
        null,
        null,
        1,
        null,
        null,
        null,
        null,
        1,
        0,
        null,
        null,
        1,
        1,
        null,
        null,
        null,
        1,
        1,
        null,
        null,
        1,
        1,
        null,
        null,
        null
      ],
      "/Users/vitaliynesterenko/projects/photohome/app/controllers/home_controller.rb": [
        1,
        1,
        null,
        1,
        null,
        6,
        6,
        null,
        null,
        6,
        null,
        null,
        null,
        null,
        null,
        1,
        null,
        null,
        null,
        null,
        null,
        null,
        null,
        null,
        null,
        null,
        null,
        null,
        null,
        null,
        null,
        null,
        null,
        null,
        null,
        null,
        null,
        null,
        0,
        null,
        null,
        null,
        null
      ],
      "/Users/vitaliynesterenko/projects/photohome/app/decorators/admin/setting_decorator.rb": [
        1,
        null,
        1,
        1,
        null,
        1,
        6,
        null,
        6,
        0,
        0,
        0,
        0,
        0,
        null,
        null,
        null,
        null,
        1,
        0,
        null,
        null,
        null,
        null
      ],
      "/Users/vitaliynesterenko/projects/photohome/app/models/admin/jury.rb": [
        1,
        null,
        1,
        1,
        null,
        1,
        null,
        null,
        1,
        null,
        null,
        null,
        null,
        1,
        0,
        null,
        null,
        null
      ],
      "/Users/vitaliynesterenko/projects/photohome/app/models/message.rb": [
        1,
        1,
        1,
        null,
        1,
        null,
        1,
        null,
        null,
        null,
        null,
        null,
        null,
        null,
        1,
        1,
        null,
        null,
        1,
        0,
        null,
        null,
        1,
        0,
        null,
        null,
        null
      ],
      "/Users/vitaliynesterenko/projects/photohome/app/models/letter.rb": [
        1,
        1,
        1,
        1,
        null,
        1,
        null,
        null,
        1,
        null,
        1,
        null,
        0,
        0,
        null,
        null,
        null,
        0,
        0,
        null,
        null,
        null,
        null,
        null,
        1,
        0,
        null,
        null,
        1,
        0,
        null,
        null,
        1,
        0,
        null,
        null,
        null
      ],
      "/Users/vitaliynesterenko/projects/photohome/app/models/competition.rb": [
        1,
        null,
        1,
        1,
        null,
        1,
        null,
        1,
        1,
        1,
        null,
        null,
        1,
        1,
        null,
        1,
        1,
        null,
        null,
        1,
        1,
        null,
        1,
        null,
        null,
        null,
        null,
        1,
        1,
        null,
        1,
        null,
        null,
        null,
        null,
        null,
        1,
        1,
        null,
        null,
        1,
        0,
        null,
        null,
        1,
        0,
        null,
        null,
        null,
        1,
        null,
        0,
        0,
        0,
        0,
        null,
        null,
        null,
        0,
        null,
        0,
        null,
        0,
        null,
        null,
        null,
        0,
        0,
        0,
        0,
        0,
        0,
        0,
        null,
        null,
        null,
        null,
        1,
        0,
        null,
        null,
        1,
        0,
        null,
        null,
        1,
        0,
        null,
        null,
        null,
        null
      ],
      "/Users/vitaliynesterenko/projects/photohome/app/controllers/incoming_letters_controller.rb": [
        1,
        null,
        1,
        null,
        1,
        null,
        null,
        1,
        1,
        null,
        null,
        null,
        null,
        null,
        null,
        1,
        1,
        1,
        null,
        null
      ],
      "/Users/vitaliynesterenko/projects/photohome/app/models/letter/person.rb": [
        1,
        1,
        1,
        null
      ],
      "/Users/vitaliynesterenko/projects/photohome/app/controllers/messages_controller.rb": [
        1,
        1,
        1,
        null,
        1,
        null,
        null,
        null,
        null,
        1,
        1,
        null,
        null,
        null,
        null,
        null,
        null,
        1,
        null,
        null,
        null,
        1,
        0,
        null,
        null,
        null,
        1,
        null,
        null,
        null,
        null,
        1,
        0,
        0,
        null,
        null,
        0,
        0,
        0,
        0,
        null,
        0,
        0,
        null,
        null,
        null,
        null,
        null,
        null,
        1,
        0,
        0,
        0,
        0,
        null,
        0,
        0,
        null,
        null,
        null,
        null,
        null,
        null,
        1,
        0,
        0,
        0,
        0,
        null,
        null,
        null,
        1,
        null,
        1,
        0,
        null,
        null,
        1,
        1,
        null,
        null,
        null,
        1,
        0,
        null,
        null
      ],
      "/Users/vitaliynesterenko/projects/photohome/app/controllers/user_cloud_controller.rb": [
        1,
        1,
        1,
        null,
        1,
        1,
        null,
        null,
        null,
        null,
        2,
        null,
        null,
        null,
        null,
        null
      ],
      "/Users/vitaliynesterenko/projects/photohome/app/controllers/letters_controller.rb": [
        1,
        1,
        1,
        null,
        1,
        null,
        1,
        null,
        null,
        null,
        1,
        1,
        null,
        null,
        null,
        null,
        1,
        0,
        null,
        null,
        null,
        null,
        1,
        0,
        0,
        null,
        null,
        null,
        1,
        null,
        null,
        null,
        null,
        1,
        0,
        null,
        0,
        0,
        0,
        0,
        null,
        0,
        0,
        null,
        null,
        null,
        null,
        null,
        null,
        1,
        0,
        0,
        0,
        0,
        null,
        0,
        0,
        null,
        null,
        null,
        null,
        null,
        null,
        1,
        0,
        0,
        0,
        0,
        null,
        null,
        null,
        1,
        null,
        1,
        0,
        null,
        null,
        null,
        1,
        0,
        null,
        null,
        1,
        1,
        null,
        null
      ],
      "/Users/vitaliynesterenko/projects/photohome/app/controllers/photos_controller.rb": [
        1,
        1,
        1,
        1,
        null,
        1,
        null,
        1,
        null,
        1,
        null,
        null,
        null,
        null,
        1,
        1,
        1,
        null,
        null,
        null,
        null,
        null,
        1,
        null,
        0,
        null,
        null,
        1,
        0,
        0,
        null,
        0,
        null,
        null,
        null,
        1,
        0,
        null,
        null,
        null,
        null,
        1,
        0,
        0,
        null,
        null,
        null,
        1,
        0,
        null,
        null,
        null,
        null,
        1,
        null,
        0,
        0,
        null,
        0,
        null,
        null,
        0,
        0,
        0,
        null,
        0,
        0,
        null,
        null,
        null,
        null,
        null,
        null,
        null,
        null,
        1,
        null,
        0,
        0,
        null,
        0,
        0,
        null,
        0,
        0,
        null,
        null,
        null,
        null,
        null,
        null,
        1,
        null,
        0,
        0,
        0,
        null,
        0,
        null,
        null,
        null,
        null,
        null,
        null,
        1,
        null,
        1,
        0,
        null,
        null,
        1,
        0,
        null,
        null,
        null,
        null,
        1,
        0,
        null,
        null
      ],
      "/Users/vitaliynesterenko/projects/photohome/app/controllers/user_profile_controller.rb": [
        1,
        1,
        1,
        null,
        null,
        1,
        null,
        1,
        null,
        null,
        null,
        null,
        null,
        null,
        null
      ]
    },
    "timestamp": 1409289940
  }
}
