{
  "RSpec": {
    "coverage": {
      "/Users/vith/Desktop/projects/rails/photohome/app/models/role.rb": [
        1,
        1,
        1,
        null,
        1,
        null
      ],
      "/Users/vith/Desktop/projects/rails/photohome/lib/user_sanitizer.rb": [
        null,
        null,
        null,
        1,
        1,
        1,
        0,
        null,
        null
      ],
      "/Users/vith/Desktop/projects/rails/photohome/app/models/user.rb": [
        1,
        1,
        null,
        null,
        null,
        1,
        null,
        null,
        1,
        null,
        1,
        null,
        null,
        null,
        1,
        1,
        1,
        1,
        null,
        null,
        1,
        null,
        null,
        1,
        0,
        null,
        1,
        1,
        null,
        null,
        null,
        null,
        null,
        null,
        null,
        null,
        null,
        null,
        null,
        1,
        1,
        null,
        null,
        1,
        0,
        null,
        null,
        1,
        0,
        null,
        null,
        null,
        1,
        51,
        null,
        null,
        1,
        18,
        null,
        null,
        1,
        15,
        null,
        null,
        1,
        7,
        null,
        null,
        1,
        null,
        null,
        0,
        null,
        null,
        null,
        null
      ],
      "/Users/vith/Desktop/projects/rails/photohome/app/uploaders/avatar_uploader.rb": [
        null,
        null,
        1,
        null,
        null,
        1,
        null,
        null,
        null,
        null,
        null,
        null,
        null,
        null,
        1,
        0,
        null,
        null,
        null,
        null,
        null,
        null,
        null,
        null,
        null,
        null,
        null,
        null,
        null,
        null,
        null,
        null,
        null,
        null,
        1,
        1,
        null,
        null,
        null,
        null,
        null,
        null,
        null,
        null,
        null,
        null,
        null,
        null,
        null,
        null,
        null
      ],
      "/Users/vith/Desktop/projects/rails/photohome/app/helpers/admin/age_policies_controller_helper.rb": [
        1,
        null
      ],
      "/Users/vith/Desktop/projects/rails/photohome/app/models/admin.rb": [
        1,
        1,
        3,
        null,
        null
      ],
      "/Users/vith/Desktop/projects/rails/photohome/app/helpers/admin/articles_helper.rb": [
        1,
        null
      ],
      "/Users/vith/Desktop/projects/rails/photohome/app/helpers/admin/banner_helper.rb": [
        1,
        null
      ],
      "/Users/vith/Desktop/projects/rails/photohome/app/helpers/admin/banner_placements_helper.rb": [
        1,
        null
      ],
      "/Users/vith/Desktop/projects/rails/photohome/app/helpers/admin/competition_helper.rb": [
        1,
        null,
        null,
        1,
        null,
        0,
        0,
        0,
        0,
        null,
        0,
        null,
        null,
        null,
        null,
        null,
        null,
        null
      ],
      "/Users/vith/Desktop/projects/rails/photohome/app/helpers/admin/competition_request_helper.rb": [
        1,
        null
      ],
      "/Users/vith/Desktop/projects/rails/photohome/app/helpers/admin/competition_request_response_helper.rb": [
        1,
        null
      ],
      "/Users/vith/Desktop/projects/rails/photohome/app/helpers/admin/jury_helper.rb": [
        1,
        null
      ],
      "/Users/vith/Desktop/projects/rails/photohome/app/helpers/admin/messages_helper.rb": [
        1,
        null,
        null,
        null,
        null,
        1,
        null,
        0,
        0,
        0,
        0,
        null,
        0,
        null,
        null,
        null,
        null,
        null,
        null,
        null,
        null
      ],
      "/Users/vith/Desktop/projects/rails/photohome/app/helpers/admin/nominations_helper.rb": [
        1,
        null
      ],
      "/Users/vith/Desktop/projects/rails/photohome/app/helpers/admin/photo_helper.rb": [
        1,
        null
      ],
      "/Users/vith/Desktop/projects/rails/photohome/app/helpers/admin/settings_helper.rb": [
        1,
        null
      ],
      "/Users/vith/Desktop/projects/rails/photohome/app/helpers/ajax_helper.rb": [
        1,
        null
      ],
      "/Users/vith/Desktop/projects/rails/photohome/app/helpers/application_helper.rb": [
        1,
        null,
        1,
        0,
        0,
        0,
        null,
        null,
        null,
        null,
        null,
        0,
        null,
        null,
        null,
        1,
        0,
        null,
        null,
        1,
        0,
        null,
        null,
        1,
        0,
        null,
        null,
        null,
        1,
        0,
        null,
        null,
        1,
        0,
        null,
        null,
        1,
        0,
        null,
        null,
        1,
        0,
        null,
        null,
        1,
        0,
        null,
        null,
        1,
        0,
        null,
        null,
        1,
        0,
        null,
        null,
        null,
        1,
        0,
        null,
        null,
        1,
        0,
        null,
        null,
        1,
        0,
        null,
        null,
        null,
        1,
        0,
        null,
        null,
        1,
        0,
        null,
        null,
        1,
        0,
        null,
        null,
        1,
        0,
        null,
        null,
        1,
        0,
        null,
        null,
        1,
        0,
        null,
        null,
        1,
        0,
        null,
        null,
        1,
        0,
        null,
        null,
        1,
        0,
        null,
        null,
        null,
        1,
        null,
        0,
        null,
        null,
        1,
        null,
        null,
        32,
        null,
        null,
        1,
        0,
        null,
        0,
        null,
        null,
        1,
        0,
        null,
        null,
        null,
        null
      ],
      "/Users/vith/Desktop/projects/rails/photohome/app/helpers/article_helper.rb": [
        1,
        null
      ],
      "/Users/vith/Desktop/projects/rails/photohome/app/helpers/comment_helper.rb": [
        1,
        null
      ],
      "/Users/vith/Desktop/projects/rails/photohome/app/helpers/competition_photo_helper.rb": [
        1,
        null,
        null,
        null,
        null,
        null,
        null,
        null,
        null,
        null,
        null,
        null,
        null,
        null,
        null,
        null,
        null,
        null,
        null,
        null,
        null,
        null,
        null,
        null,
        null,
        null,
        null,
        null,
        null
      ],
      "/Users/vith/Desktop/projects/rails/photohome/app/helpers/competition_request_helper.rb": [
        1,
        null
      ],
      "/Users/vith/Desktop/projects/rails/photohome/app/helpers/competitions_helper.rb": [
        1,
        null
      ],
      "/Users/vith/Desktop/projects/rails/photohome/app/helpers/gallery_helper.rb": [
        1,
        null
      ],
      "/Users/vith/Desktop/projects/rails/photohome/app/helpers/home_helper.rb": [
        1,
        null
      ],
      "/Users/vith/Desktop/projects/rails/photohome/app/helpers/incoming_letters_controller_helper.rb": [
        1,
        null
      ],
      "/Users/vith/Desktop/projects/rails/photohome/app/helpers/jury_helper.rb": [
        1,
        null
      ],
      "/Users/vith/Desktop/projects/rails/photohome/app/helpers/letters_helper.rb": [
        1,
        null
      ],
      "/Users/vith/Desktop/projects/rails/photohome/app/helpers/like_helper.rb": [
        1,
        null
      ],
      "/Users/vith/Desktop/projects/rails/photohome/app/helpers/messages_helper.rb": [
        1,
        null
      ],
      "/Users/vith/Desktop/projects/rails/photohome/app/helpers/novelties_helper.rb": [
        1,
        null
      ],
      "/Users/vith/Desktop/projects/rails/photohome/app/helpers/photo_ajax_helper.rb": [
        1,
        null
      ],
      "/Users/vith/Desktop/projects/rails/photohome/app/helpers/photos_helper.rb": [
        1,
        null
      ],
      "/Users/vith/Desktop/projects/rails/photohome/app/helpers/topics_helper.rb": [
        1,
        null
      ],
      "/Users/vith/Desktop/projects/rails/photohome/app/helpers/upload_helper.rb": [
        1,
        null
      ],
      "/Users/vith/Desktop/projects/rails/photohome/app/helpers/user_helper.rb": [
        1,
        null,
        null,
        1,
        null,
        null,
        6,
        null,
        6,
        0,
        null,
        6,
        null,
        null,
        null,
        null,
        null
      ],
      "/Users/vith/Desktop/projects/rails/photohome/app/helpers/user_cloud_helper.rb": [
        1,
        null
      ],
      "/Users/vith/Desktop/projects/rails/photohome/app/helpers/user_profile_helper.rb": [
        1,
        null
      ],
      "/Users/vith/Desktop/projects/rails/photohome/app/helpers/will_paginate_helper.rb": [
        1,
        1,
        1,
        0,
        0,
        0,
        null,
        null,
        1,
        1,
        0,
        0,
        0,
        null,
        0,
        0,
        null,
        null,
        null,
        1,
        0,
        null,
        null
      ],
      "/Users/vith/Desktop/projects/rails/photohome/lib/monkey_patches/monkey_rolify.rb": [
        1,
        1,
        1,
        1,
        21,
        null,
        null,
        null,
        null
      ],
      "/Users/vith/Desktop/projects/rails/photohome/app/mailers/user_mailer.rb": [
        1,
        1,
        1,
        null,
        null,
        1,
        0,
        0,
        0,
        null,
        null,
        1,
        null,
        0,
        0,
        0,
        0,
        null,
        0,
        null,
        null,
        null
      ],
      "/Users/vith/Desktop/projects/rails/photohome/app/models/admin/banner_placement.rb": [
        1,
        1,
        null,
        1,
        1,
        null,
        27,
        27,
        53,
        53,
        null,
        1,
        null,
        null,
        null,
        null,
        1,
        1,
        null,
        1,
        0,
        null,
        null,
        null,
        1,
        0,
        null,
        null,
        1,
        26,
        null,
        null,
        1,
        26,
        null,
        null,
        null
      ],
      "/Users/vith/Desktop/projects/rails/photohome/app/models/admin/banner.rb": [
        1,
        1,
        null,
        null,
        null,
        null,
        null
      ],
      "/Users/vith/Desktop/projects/rails/photohome/app/uploaders/banner_uploader.rb": [
        null,
        1,
        null,
        null,
        1,
        null,
        null,
        null,
        null,
        null,
        null,
        null,
        null,
        1,
        0,
        null,
        null,
        null,
        null,
        null,
        null,
        null,
        null,
        null,
        null,
        null,
        null,
        null,
        null,
        null,
        null,
        null,
        null,
        null,
        null,
        null,
        null,
        1,
        1,
        null,
        null,
        1,
        1,
        null,
        null,
        null,
        null,
        1,
        1,
        null,
        null,
        null,
        null,
        null,
        null,
        null,
        null,
        null,
        null,
        null,
        null,
        null,
        null,
        null,
        null
      ],
      "/Users/vith/Desktop/projects/rails/photohome/app/models/admin/age_policy.rb": [
        1,
        null,
        1,
        null,
        1,
        0,
        null,
        null,
        null,
        null
      ],
      "/Users/vith/Desktop/projects/rails/photohome/app/models/admin/album.rb": [
        1,
        1,
        null
      ],
      "/Users/vith/Desktop/projects/rails/photohome/app/models/competition_request.rb": [
        1,
        null,
        1,
        1,
        null,
        null,
        1,
        null,
        null,
        null,
        1,
        1,
        1,
        1,
        1,
        1,
        null,
        null,
        1,
        null,
        null,
        null,
        null,
        null,
        null,
        null,
        null,
        null,
        null,
        1,
        1,
        null,
        1,
        0,
        null,
        null,
        1,
        0,
        null,
        null,
        1,
        0,
        null,
        null,
        1,
        0,
        null,
        null,
        1,
        0,
        null,
        null,
        1,
        0,
        null,
        null,
        1,
        0,
        null,
        null,
        null,
        null
      ],
      "/Users/vith/Desktop/projects/rails/photohome/app/models/concerns/competition_photo_bannable.rb": [
        1,
        null,
        1,
        null,
        1,
        1,
        null,
        null,
        null,
        1,
        null,
        0,
        0,
        null,
        null,
        null,
        null,
        null,
        null,
        null,
        0,
        null,
        0,
        null,
        null,
        null,
        null,
        null,
        null,
        null,
        0,
        null,
        null,
        null,
        null,
        null,
        null,
        null,
        null,
        null
      ],
      "/Users/vith/Desktop/projects/rails/photohome/app/models/post.rb": [
        1,
        null,
        1,
        1,
        1,
        null,
        1,
        0,
        null,
        null,
        null,
        1,
        0,
        null,
        null,
        null
      ],
      "/Users/vith/Desktop/projects/rails/photohome/app/controllers/application_controller.rb": [
        1,
        null,
        null,
        null,
        1,
        null,
        null,
        null,
        null,
        null,
        null,
        1,
        null,
        null,
        1,
        1,
        null,
        null,
        null,
        null,
        null,
        null,
        null,
        null,
        null,
        null,
        null,
        null,
        null,
        null,
        1,
        null,
        1,
        null,
        1,
        0,
        null,
        null,
        1,
        104,
        104,
        null,
        null,
        null,
        null,
        null,
        null,
        1,
        null,
        1,
        81,
        81,
        81,
        null,
        null,
        null,
        null,
        1,
        40,
        null,
        40,
        0,
        0,
        null,
        40,
        20,
        0,
        null,
        null,
        null,
        null,
        null,
        null,
        null,
        null
      ],
      "/Users/vith/Desktop/projects/rails/photohome/app/models/novelty.rb": [
        1,
        1,
        1,
        null,
        null,
        1,
        null,
        1,
        0,
        null,
        null,
        null,
        1,
        null,
        0,
        0,
        0,
        null,
        null,
        null,
        1,
        0,
        0,
        0,
        null,
        null,
        1,
        0,
        0,
        null,
        null,
        null,
        null
      ],
      "/Users/vith/Desktop/projects/rails/photohome/app/models/ability.rb": [
        1,
        1,
        null,
        1,
        null,
        null,
        null,
        32,
        null,
        12,
        6,
        null,
        null,
        12,
        0,
        0,
        0,
        0,
        0,
        null,
        null,
        12,
        null,
        0,
        0,
        0,
        null,
        null,
        0,
        0,
        0,
        null,
        null,
        null,
        12,
        0,
        null,
        null,
        null,
        12,
        12,
        12,
        12,
        12,
        null,
        12,
        12,
        12,
        12,
        12,
        12,
        null,
        12,
        0,
        null,
        null,
        12,
        null,
        null,
        20,
        null,
        null,
        null,
        null,
        null,
        null,
        null,
        null,
        null,
        null,
        null,
        null,
        null,
        null,
        null,
        null,
        null,
        null,
        null,
        null,
        null,
        null,
        null,
        null,
        null,
        null,
        null,
        null
      ],
      "/Users/vith/Desktop/projects/rails/photohome/app/models/photo.rb": [
        1,
        null,
        1,
        null,
        1,
        null,
        1,
        null,
        null,
        1,
        null,
        1,
        1,
        null,
        1,
        null,
        null,
        null,
        1,
        1,
        null,
        1,
        null,
        null,
        null,
        null,
        null,
        null,
        null,
        1,
        1,
        null,
        1,
        1,
        null,
        null,
        null,
        1,
        1,
        null,
        1,
        1,
        null,
        1,
        null,
        1,
        null,
        null,
        1,
        null,
        1,
        1,
        1,
        1,
        null,
        null,
        1,
        0,
        null,
        null,
        1,
        2,
        2,
        2,
        null,
        null,
        null,
        1,
        2,
        0,
        0,
        0,
        0,
        null,
        null,
        null,
        1,
        2,
        0,
        0,
        0,
        null,
        0,
        null,
        null,
        null,
        1,
        1,
        null,
        null,
        1,
        null,
        null,
        null,
        null,
        null,
        null,
        1,
        0,
        0,
        null,
        null,
        1,
        null,
        1,
        0,
        0,
        0,
        0,
        null,
        null,
        1,
        0,
        0,
        0,
        0,
        0,
        null,
        null,
        null,
        null,
        null,
        1,
        0,
        0,
        null,
        null,
        null,
        1,
        0,
        null,
        null,
        null,
        null,
        null,
        1,
        0,
        null,
        null,
        null,
        null,
        null,
        null,
        1,
        0,
        0,
        0,
        null,
        null,
        1,
        null,
        0,
        0,
        null,
        0,
        0,
        null,
        0,
        null,
        null,
        1,
        0,
        null,
        null,
        null
      ],
      "/Users/vith/Desktop/projects/rails/photohome/app/uploaders/image_uploader.rb": [
        null,
        null,
        1,
        null,
        null,
        1,
        null,
        null,
        null,
        null,
        null,
        null,
        null,
        null,
        1,
        0,
        null,
        null,
        null,
        null,
        null,
        null,
        null,
        null,
        null,
        null,
        null,
        null,
        null,
        null,
        null,
        null,
        null,
        null,
        null,
        null,
        null,
        null,
        1,
        1,
        null,
        null,
        1,
        1,
        null,
        null,
        null,
        1,
        1,
        null,
        null,
        1,
        1,
        null,
        null,
        null,
        null,
        null,
        null,
        null,
        null,
        null,
        null,
        null,
        null,
        null,
        null,
        null,
        null,
        null
      ],
      "/Users/vith/Desktop/projects/rails/photohome/app/models/article.rb": [
        1,
        1,
        null,
        1,
        null,
        1,
        null,
        null,
        1,
        null,
        0,
        0,
        0,
        null,
        null,
        null,
        1,
        0,
        0,
        0,
        null,
        null,
        1,
        0,
        0,
        null,
        null,
        null,
        null,
        null,
        null
      ],
      "/Users/vith/Desktop/projects/rails/photohome/app/models/comment.rb": [
        1,
        null,
        1,
        null,
        1,
        null,
        1,
        null,
        null,
        null,
        null,
        null,
        null,
        1,
        null,
        1,
        0,
        0,
        0,
        0,
        null,
        null,
        null
      ],
      "/Users/vith/Desktop/projects/rails/photohome/app/lib/banner_generator.rb": [
        1,
        null,
        null,
        null,
        1,
        26,
        26,
        null,
        null,
        1,
        null,
        26,
        26,
        null,
        null,
        null,
        null,
        null,
        null
      ],
      "/Users/vith/Desktop/projects/rails/photohome/app/controllers/home_controller.rb": [
        1,
        1,
        null,
        1,
        null,
        20,
        null,
        null,
        20,
        0,
        0,
        null,
        20,
        null,
        null,
        20,
        null,
        null,
        null,
        null,
        1,
        0,
        null,
        null,
        null,
        null
      ],
      "/Users/vith/Desktop/projects/rails/photohome/app/models/admin/setting.rb": [
        1,
        null,
        1,
        1,
        1,
        1,
        1,
        null,
        null,
        null,
        null,
        null
      ],
      "/Users/vith/Desktop/projects/rails/photohome/app/controllers/users_controller.rb": [
        1,
        1,
        null,
        null,
        null,
        1,
        2,
        2,
        null,
        null,
        1,
        0,
        null,
        null,
        1,
        0,
        0,
        null,
        0,
        null,
        null,
        null,
        null,
        null,
        0,
        0,
        null,
        0,
        null,
        null,
        null,
        1,
        0,
        0,
        0,
        0,
        0,
        null,
        0,
        null,
        null,
        null,
        null,
        null,
        null,
        null,
        null,
        null
      ],
      "/Users/vith/Desktop/projects/rails/photohome/app/models/admin/jury.rb": [
        1,
        null,
        1,
        1,
        null,
        1,
        null,
        null,
        1,
        null,
        null,
        null,
        null,
        1,
        0,
        null,
        null,
        null
      ],
      "/Users/vith/Desktop/projects/rails/photohome/app/models/message.rb": [
        1,
        1,
        1,
        null,
        1,
        null,
        1,
        null,
        null,
        null,
        null,
        null,
        null,
        null,
        1,
        1,
        null,
        null,
        1,
        0,
        null,
        null,
        1,
        0,
        null,
        null,
        null
      ],
      "/Users/vith/Desktop/projects/rails/photohome/app/models/letter.rb": [
        1,
        1,
        1,
        1,
        null,
        1,
        null,
        1,
        null,
        1,
        null,
        0,
        0,
        null,
        null,
        null,
        0,
        0,
        null,
        null,
        null,
        null,
        null,
        1,
        0,
        null,
        null,
        1,
        0,
        null,
        null,
        1,
        0,
        null,
        null,
        null,
        null
      ],
      "/Users/vith/Desktop/projects/rails/photohome/app/models/competition.rb": [
        1,
        null,
        1,
        1,
        null,
        1,
        null,
        1,
        1,
        1,
        null,
        null,
        1,
        1,
        null,
        null,
        null,
        1,
        1,
        null,
        1,
        null,
        null,
        null,
        null,
        1,
        1,
        null,
        1,
        null,
        null,
        null,
        null,
        null,
        1,
        1,
        null,
        null,
        1,
        0,
        null,
        null,
        1,
        0,
        null,
        null,
        null,
        1,
        null,
        0,
        0,
        0,
        0,
        null,
        null,
        null,
        0,
        null,
        0,
        null,
        0,
        null,
        null,
        null,
        0,
        0,
        0,
        0,
        0,
        0,
        0,
        null,
        null,
        null,
        null,
        1,
        0,
        null,
        null,
        1,
        0,
        null,
        null,
        1,
        0,
        null,
        null,
        null,
        null
      ],
      "/Users/vith/Desktop/projects/rails/photohome/app/models/topic.rb": [
        1,
        1,
        null
      ],
      "/Users/vith/Desktop/projects/rails/photohome/app/controllers/admin/posts_controller.rb": [
        1,
        1,
        null,
        1,
        null,
        null,
        null,
        1,
        2,
        2,
        2,
        null,
        null,
        null,
        null,
        1,
        null,
        null,
        null,
        1,
        0,
        null,
        null,
        null,
        1,
        null,
        null,
        null,
        null,
        1,
        null,
        0,
        0,
        null,
        0,
        0,
        0,
        0,
        null,
        0,
        0,
        null,
        null,
        null,
        null,
        null,
        null,
        null,
        1,
        0,
        0,
        0,
        0,
        null,
        0,
        0,
        null,
        null,
        null,
        null,
        null,
        null,
        1,
        0,
        0,
        0,
        0,
        null,
        null,
        null,
        1,
        0,
        0,
        0,
        null,
        null,
        null,
        1,
        null,
        null,
        1,
        0,
        null,
        null,
        null,
        1,
        0,
        null,
        null,
        1,
        2,
        null,
        null,
        1,
        2,
        null,
        null,
        1,
        0,
        null,
        null,
        1,
        null,
        5,
        null,
        null,
        null,
        null
      ],
      "/Users/vith/Desktop/projects/rails/photohome/app/controllers/admin/base_controller.rb": [
        1,
        null,
        1,
        null,
        null,
        null,
        1,
        null,
        1,
        null,
        7,
        null,
        null,
        null,
        null,
        null
      ],
      "/Users/vith/Desktop/projects/rails/photohome/app/controllers/admin/competitions_controller.rb": [
        1,
        1,
        null,
        null,
        null,
        1,
        0,
        null,
        null,
        null,
        null,
        null,
        1,
        0,
        0,
        null,
        null,
        1,
        0,
        null,
        null,
        1,
        0,
        0,
        0,
        null,
        0,
        0,
        null,
        null,
        null,
        null,
        null,
        1,
        0,
        null,
        null,
        null,
        1,
        null,
        null,
        1,
        null,
        null,
        null,
        null,
        null,
        1,
        0,
        null,
        0,
        0,
        0,
        0,
        null,
        0,
        0,
        null,
        null,
        null,
        null,
        null,
        null,
        1,
        0,
        0,
        0,
        0,
        null,
        0,
        0,
        null,
        null,
        null,
        null,
        null,
        null,
        1,
        0,
        0,
        0,
        0,
        null,
        null,
        null,
        1,
        null,
        1,
        0,
        null,
        null,
        null,
        1,
        0,
        null,
        null,
        null
      ],
      "/Users/vith/Desktop/projects/rails/photohome/app/controllers/admin/site_photos_controller.rb": [
        1,
        null,
        1,
        null,
        1,
        0,
        null,
        null,
        1,
        null,
        null,
        1,
        0,
        null,
        null,
        1,
        0,
        0,
        0,
        null,
        null,
        1,
        null,
        null,
        null,
        1,
        null,
        0,
        null,
        0,
        0,
        0,
        null,
        0,
        null,
        null,
        null,
        null,
        null,
        1,
        null,
        0,
        null,
        0,
        0,
        null,
        0,
        0,
        null,
        null,
        null,
        null,
        null,
        null,
        null,
        null,
        null,
        null,
        1,
        null,
        0,
        0,
        0,
        0,
        null,
        null,
        null,
        null,
        null,
        null,
        1,
        null,
        1,
        0,
        null,
        null,
        null,
        1,
        0,
        null,
        null,
        null
      ],
      "/Users/vith/Desktop/projects/rails/photohome/app/controllers/admin/topics_controller.rb": [
        1,
        1,
        null,
        null,
        null,
        1,
        0,
        null,
        null,
        null,
        null,
        1,
        null,
        null,
        null,
        1,
        0,
        null,
        null,
        null,
        1,
        null,
        null,
        null,
        null,
        1,
        0,
        null,
        0,
        0,
        0,
        0,
        null,
        0,
        0,
        null,
        null,
        null,
        null,
        null,
        null,
        1,
        0,
        0,
        0,
        0,
        null,
        0,
        0,
        null,
        null,
        null,
        null,
        null,
        null,
        1,
        0,
        0,
        0,
        0,
        null,
        null,
        null,
        1,
        null,
        1,
        0,
        null,
        null,
        null,
        1,
        0,
        null,
        null
      ],
      "/Users/vith/Desktop/projects/rails/photohome/app/controllers/admin/photos_controller.rb": [
        1,
        null,
        1,
        null,
        1,
        1,
        null,
        null,
        1,
        0,
        null,
        null,
        null,
        1,
        0,
        null,
        null,
        1,
        0,
        0,
        null,
        null,
        1,
        0,
        0,
        null,
        0,
        0,
        null,
        null,
        null,
        null,
        null,
        null,
        1,
        0,
        0,
        0,
        null,
        0,
        0,
        null,
        null,
        null,
        null,
        1,
        0,
        0,
        0,
        null,
        0,
        0,
        null,
        null,
        null,
        null,
        null,
        null,
        null,
        null,
        null
      ],
      "/Users/vith/Desktop/projects/rails/photohome/app/controllers/admin/settings_controller.rb": [
        1,
        1,
        null,
        null,
        null,
        1,
        null,
        null,
        null,
        null,
        null,
        1,
        null,
        null,
        null,
        null,
        1,
        0,
        null,
        null,
        null,
        1,
        null,
        null,
        null,
        null,
        null,
        1,
        0,
        null,
        0,
        0,
        0,
        0,
        null,
        0,
        0,
        null,
        null,
        null,
        null,
        null,
        null,
        1,
        0,
        0,
        0,
        0,
        null,
        0,
        0,
        null,
        null,
        null,
        null,
        null,
        null,
        1,
        0,
        0,
        0,
        0,
        null,
        null,
        null,
        1,
        null,
        1,
        0,
        null,
        null,
        null,
        1,
        0,
        null,
        null
      ],
      "/Users/vith/Desktop/projects/rails/photohome/app/controllers/admin/messages_controller.rb": [
        1,
        null,
        1,
        null,
        null,
        1,
        0,
        null,
        null,
        null,
        1,
        null,
        null,
        1,
        null,
        null,
        null,
        null,
        1,
        0,
        0,
        0,
        0,
        null,
        0,
        0,
        null,
        null,
        null,
        null,
        1,
        0,
        0,
        0,
        0,
        null,
        null,
        null,
        null,
        1,
        null,
        1,
        0,
        null,
        null,
        null,
        1,
        0,
        null,
        null,
        null,
        null,
        null,
        null
      ],
      "/Users/vith/Desktop/projects/rails/photohome/app/controllers/user_cloud_controller.rb": [
        1,
        1,
        1,
        null,
        1,
        1,
        1,
        2,
        2,
        null,
        null,
        null,
        null,
        null,
        null
      ],
      "/Users/vith/Desktop/projects/rails/photohome/app/models/letter_user.rb": [
        1,
        1,
        1,
        null
      ],
      "/Users/vith/Desktop/projects/rails/photohome/app/controllers/photos_controller.rb": [
        1,
        1,
        1,
        1,
        null,
        1,
        null,
        1,
        null,
        1,
        null,
        null,
        null,
        null,
        1,
        1,
        1,
        1,
        null,
        null,
        null,
        null,
        1,
        null,
        0,
        null,
        null,
        1,
        0,
        0,
        null,
        0,
        0,
        null,
        null,
        1,
        0,
        0,
        null,
        null,
        null,
        1,
        0,
        null,
        null,
        null,
        1,
        0,
        null,
        null,
        null,
        null,
        1,
        null,
        0,
        null,
        null,
        0,
        null,
        0,
        null,
        null,
        0,
        0,
        0,
        null,
        0,
        0,
        null,
        null,
        null,
        null,
        null,
        null,
        null,
        null,
        1,
        0,
        0,
        0,
        0,
        null,
        0,
        0,
        null,
        null,
        null,
        null,
        null,
        null,
        1,
        null,
        0,
        0,
        0,
        null,
        0,
        null,
        null,
        null,
        null,
        null,
        null,
        1,
        null,
        1,
        0,
        null,
        null,
        1,
        0,
        null,
        null,
        null,
        null,
        1,
        0,
        null,
        null
      ],
      "/Users/vith/Desktop/projects/rails/photohome/app/controllers/incoming_letters_controller.rb": [
        1,
        null,
        1,
        null,
        1,
        null,
        null,
        1,
        1,
        null,
        null,
        null,
        null,
        null,
        null,
        1,
        1,
        1,
        null,
        null
      ],
      "/Users/vith/Desktop/projects/rails/photohome/app/controllers/letters_controller.rb": [
        1,
        1,
        1,
        null,
        1,
        null,
        1,
        null,
        null,
        null,
        1,
        1,
        null,
        null,
        null,
        null,
        1,
        0,
        null,
        null,
        null,
        1,
        0,
        0,
        null,
        null,
        null,
        1,
        null,
        null,
        null,
        null,
        1,
        0,
        null,
        0,
        0,
        0,
        0,
        null,
        0,
        0,
        null,
        null,
        null,
        null,
        null,
        null,
        1,
        0,
        0,
        0,
        0,
        null,
        0,
        0,
        null,
        null,
        null,
        null,
        null,
        null,
        1,
        0,
        0,
        0,
        0,
        null,
        null,
        null,
        1,
        null,
        1,
        0,
        null,
        null,
        null,
        1,
        0,
        null,
        null,
        1,
        1,
        null,
        null
      ],
      "/Users/vith/Desktop/projects/rails/photohome/app/controllers/user_profile_controller.rb": [
        1,
        1,
        1,
        null,
        null,
        1,
        null,
        1,
        null,
        null,
        null,
        null,
        null,
        null,
        null
      ],
      "/Users/vith/Desktop/projects/rails/photohome/app/controllers/messages_controller.rb": [
        1,
        1,
        1,
        null,
        1,
        null,
        null,
        null,
        null,
        1,
        1,
        null,
        null,
        null,
        null,
        null,
        null,
        1,
        null,
        null,
        null,
        1,
        0,
        null,
        null,
        null,
        1,
        null,
        null,
        null,
        null,
        1,
        0,
        0,
        null,
        null,
        0,
        0,
        0,
        0,
        null,
        0,
        0,
        null,
        null,
        null,
        null,
        null,
        null,
        1,
        0,
        0,
        0,
        0,
        null,
        0,
        0,
        null,
        null,
        null,
        null,
        null,
        null,
        1,
        0,
        0,
        0,
        0,
        null,
        null,
        null,
        1,
        null,
        1,
        0,
        null,
        null,
        1,
        1,
        null,
        null,
        null,
        1,
        0,
        null,
        null
      ],
      "/Users/vith/Desktop/projects/rails/photohome/app/controllers/competitions_controller.rb": [
        1,
        1,
        1,
        null,
        null,
        null,
        1,
        1,
        1,
        null,
        null,
        null,
        null,
        1,
        0,
        null,
        null,
        1,
        0,
        0,
        0,
        null,
        null,
        1,
        0,
        0,
        null,
        0,
        0,
        0,
        null,
        null,
        1,
        null,
        0,
        0,
        0,
        0,
        null,
        null,
        null,
        null,
        1,
        null,
        1,
        0,
        null,
        null,
        null,
        null
      ]
    },
    "timestamp": 1389332381
  }
}
